<?xml version="1.0" encoding="utf-8"?><testsuites name="pytest tests"><testsuite name="pytest" errors="0" failures="0" skipped="0" tests="22" time="4.192" timestamp="2026-04-19T04:38:18.926290+00:00" hostname="agent-env-0947b237-fcbd-469a-aa20-9abfd4aa1572"><testcase classname="tests.test_ecommerce.TestHealthAndBasics" name="test_api_root" time="0.334" /><testcase classname="tests.test_ecommerce.TestHealthAndBasics" name="test_default_rooms" time="0.105" /><testcase classname="tests.test_ecommerce.TestCustomerRegistration" name="test_customer_registration_new_user" time="0.367" /><testcase classname="tests.test_ecommerce.TestCustomerRegistration" name="test_customer_registration_duplicate_email" time="0.474" /><testcase classname="tests.test_ecommerce.TestCustomerLogin" name="test_customer_login_success" time="0.484" /><testcase classname="tests.test_ecommerce.TestCustomerLogin" name="test_customer_login_invalid_credentials" time="0.109" /><testcase classname="tests.test_ecommerce.TestCustomerProfile" name="test_get_profile_authenticated" time="0.147" /><testcase classname="tests.test_ecommerce.TestCustomerProfile" name="test_get_profile_unauthenticated" time="0.134" /><testcase classname="tests.test_ecommerce.TestProductCatalog" name="test_get_shop_products" time="0.103" /><testcase classname="tests.test_ecommerce.TestProductCatalog" name="test_product_has_required_fields" time="0.106" /><testcase classname="tests.test_ecommerce.TestCustomRooms" name="test_get_customer_rooms" time="0.149" /><testcase classname="tests.test_ecommerce.TestCustomRooms" name="test_add_custom_room" time="0.097" /><testcase classname="tests.test_ecommerce.TestCustomerCheckout" name="test_checkout_with_products" time="0.241" /><testcase classname="tests.test_ecommerce.TestCustomerOrders" name="test_get_customer_orders" time="0.125" /><testcase classname="tests.test_ecommerce.TestCustomerOrders" name="test_get_order_detail" time="0.107" /><testcase classname="tests.test_ecommerce.TestCustomerOrders" name="test_download_invoice" time="0.132" /><testcase classname="tests.test_ecommerce.TestAdminLogin" name="test_admin_login_success" time="0.111" /><testcase classname="tests.test_ecommerce.TestAdminLogin" name="test_admin_login_invalid_credentials" time="0.102" /><testcase classname="tests.test_ecommerce.TestAdminCustomerManagement" name="test_get_all_customers" time="0.138" /><testcase classname="tests.test_ecommerce.TestAdminCustomerManagement" name="test_create_customer_by_admin" time="0.336" /><testcase classname="tests.test_ecommerce.TestAdminOrders" name="test_get_all_customer_orders" time="0.127" /><testcase classname="tests.test_ecommerce.TestCustomerLogout" name="test_customer_logout" time="0.103" /></testsuite></testsuites>