<?xml version="1.0" encoding="utf-8"?><testsuites name="pytest tests"><testsuite name="pytest" errors="0" failures="1" skipped="3" tests="22" time="3.546" timestamp="2026-02-20T09:17:43.192350+00:00" hostname="agent-env-dc57e6d5-944d-4f52-b324-9a7c9f737ba6"><testcase classname="tests.test_ecommerce.TestHealthAndBasics" name="test_api_root" time="0.206" /><testcase classname="tests.test_ecommerce.TestHealthAndBasics" name="test_default_rooms" time="0.110" /><testcase classname="tests.test_ecommerce.TestCustomerRegistration" name="test_customer_registration_new_user" time="0.362" /><testcase classname="tests.test_ecommerce.TestCustomerRegistration" name="test_customer_registration_duplicate_email" time="0.475" /><testcase classname="tests.test_ecommerce.TestCustomerLogin" name="test_customer_login_success" time="0.460" /><testcase classname="tests.test_ecommerce.TestCustomerLogin" name="test_customer_login_invalid_credentials" time="0.107" /><testcase classname="tests.test_ecommerce.TestCustomerProfile" name="test_get_profile_authenticated" time="0.101" /><testcase classname="tests.test_ecommerce.TestCustomerProfile" name="test_get_profile_unauthenticated" time="0.122" /><testcase classname="tests.test_ecommerce.TestProductCatalog" name="test_get_shop_products" time="0.101" /><testcase classname="tests.test_ecommerce.TestProductCatalog" name="test_product_has_required_fields" time="0.102" /><testcase classname="tests.test_ecommerce.TestCustomRooms" name="test_get_customer_rooms" time="0.102" /><testcase classname="tests.test_ecommerce.TestCustomRooms" name="test_add_custom_room" time="0.105" /><testcase classname="tests.test_ecommerce.TestCustomerCheckout" name="test_checkout_with_products" time="0.131"><skipped type="pytest.skip" message="No products available for checkout test">/app/backend/tests/test_ecommerce.py:248: No products available for checkout test</skipped></testcase><testcase classname="tests.test_ecommerce.TestCustomerOrders" name="test_get_customer_orders" time="0.097" /><testcase classname="tests.test_ecommerce.TestCustomerOrders" name="test_get_order_detail" time="0.000"><skipped type="pytest.skip" message="No order available">/app/backend/tests/test_ecommerce.py:312: No order available</skipped></testcase><testcase classname="tests.test_ecommerce.TestCustomerOrders" name="test_download_invoice" time="0.000"><skipped type="pytest.skip" message="No order available">/app/backend/tests/test_ecommerce.py:328: No order available</skipped></testcase><testcase classname="tests.test_ecommerce.TestAdminLogin" name="test_admin_login_success" time="0.129" /><testcase classname="tests.test_ecommerce.TestAdminLogin" name="test_admin_login_invalid_credentials" time="0.095" /><testcase classname="tests.test_ecommerce.TestAdminCustomerManagement" name="test_get_all_customers" time="0.096" /><testcase classname="tests.test_ecommerce.TestAdminCustomerManagement" name="test_create_customer_by_admin" time="0.321" /><testcase classname="tests.test_ecommerce.TestAdminOrders" name="test_get_all_shop_orders" time="0.095"><failure message="AssertionError: Get shop orders failed: {&quot;detail&quot;:&quot;Not Found&quot;}&#10;assert 404 == 200&#10; +  where 404 = &lt;Response [404]&gt;.status_code">tests/test_ecommerce.py:426: in test_get_all_shop_orders
    assert response.status_code == 200, f"Get shop orders failed: {response.text}"
E   AssertionError: Get shop orders failed: {"detail":"Not Found"}
E   assert 404 == 200
E    +  where 404 = &lt;Response [404]&gt;.status_code</failure></testcase><testcase classname="tests.test_ecommerce.TestCustomerLogout" name="test_customer_logout" time="0.094" /></testsuite></testsuites>