<?xml version="1.0" encoding="utf-8"?><testsuites name="pytest tests"><testsuite name="pytest" errors="0" failures="0" skipped="0" tests="22" time="3.750" timestamp="2026-02-20T09:19:15.706135+00:00" hostname="agent-env-dc57e6d5-944d-4f52-b324-9a7c9f737ba6"><testcase classname="tests.test_ecommerce.TestHealthAndBasics" name="test_api_root" time="0.212" /><testcase classname="tests.test_ecommerce.TestHealthAndBasics" name="test_default_rooms" time="0.130" /><testcase classname="tests.test_ecommerce.TestCustomerRegistration" name="test_customer_registration_new_user" time="0.345" /><testcase classname="tests.test_ecommerce.TestCustomerRegistration" name="test_customer_registration_duplicate_email" time="0.443" /><testcase classname="tests.test_ecommerce.TestCustomerLogin" name="test_customer_login_success" time="0.437" /><testcase classname="tests.test_ecommerce.TestCustomerLogin" name="test_customer_login_invalid_credentials" time="0.124" /><testcase classname="tests.test_ecommerce.TestCustomerProfile" name="test_get_profile_authenticated" time="0.107" /><testcase classname="tests.test_ecommerce.TestCustomerProfile" name="test_get_profile_unauthenticated" time="0.098" /><testcase classname="tests.test_ecommerce.TestProductCatalog" name="test_get_shop_products" time="0.100" /><testcase classname="tests.test_ecommerce.TestProductCatalog" name="test_product_has_required_fields" time="0.108" /><testcase classname="tests.test_ecommerce.TestCustomRooms" name="test_get_customer_rooms" time="0.105" /><testcase classname="tests.test_ecommerce.TestCustomRooms" name="test_add_custom_room" time="0.102" /><testcase classname="tests.test_ecommerce.TestCustomerCheckout" name="test_checkout_with_products" time="0.196" /><testcase classname="tests.test_ecommerce.TestCustomerOrders" name="test_get_customer_orders" time="0.109" /><testcase classname="tests.test_ecommerce.TestCustomerOrders" name="test_get_order_detail" time="0.113" /><testcase classname="tests.test_ecommerce.TestCustomerOrders" name="test_download_invoice" time="0.120" /><testcase classname="tests.test_ecommerce.TestAdminLogin" name="test_admin_login_success" time="0.113" /><testcase classname="tests.test_ecommerce.TestAdminLogin" name="test_admin_login_invalid_credentials" time="0.108" /><testcase classname="tests.test_ecommerce.TestAdminCustomerManagement" name="test_get_all_customers" time="0.096" /><testcase classname="tests.test_ecommerce.TestAdminCustomerManagement" name="test_create_customer_by_admin" time="0.324" /><testcase classname="tests.test_ecommerce.TestAdminOrders" name="test_get_all_customer_orders" time="0.110" /><testcase classname="tests.test_ecommerce.TestCustomerLogout" name="test_customer_logout" time="0.097" /></testsuite></testsuites>